[1012/083036.340:ERROR:directory_reader_win.cc(43)] FindFirstFile: The system cannot find the path specified. (0x3)
[1013/083036.536:ERROR:directory_reader_win.cc(43)] FindFirstFile: The system cannot find the path specified. (0x3)
[1014/083036.741:ERROR:directory_reader_win.cc(43)] FindFirstFile: The system cannot find the path specified. (0x3)
[1102/100422.513:ERROR:crash_report_database_win.cc(498)] failed to stat report
[1102/100422.514:ERROR:crash_report_database_win.cc(498)] failed to stat report
[1102/100422.515:ERROR:crash_report_database_win.cc(498)] failed to stat report
[1102/100422.515:ERROR:crash_report_database_win.cc(498)] failed to stat report
[1102/100422.515:ERROR:crash_report_database_win.cc(498)] failed to stat report
[1102/100422.515:ERROR:crash_report_database_win.cc(498)] failed to stat report
[1102/100422.515:ERROR:crash_report_database_win.cc(498)] failed to stat report
[1102/100422.516:ERROR:crash_report_database_win.cc(498)] failed to stat report
[1102/100422.516:ERROR:crash_report_database_win.cc(498)] failed to stat report
[1102/100422.516:ERROR:crash_report_database_win.cc(498)] failed to stat report
[1102/100540.560:ERROR:crash_report_database_win.cc(498)] failed to stat report
[1102/100540.560:ERROR:crash_report_database_win.cc(498)] failed to stat report
[1102/100540.560:ERROR:crash_report_database_win.cc(498)] failed to stat report
[1102/100540.560:ERROR:crash_report_database_win.cc(498)] failed to stat report
[1102/100540.560:ERROR:crash_report_database_win.cc(498)] failed to stat report
[1102/100540.560:ERROR:crash_report_database_win.cc(498)] failed to stat report
[1102/100540.560:ERROR:crash_report_database_win.cc(498)] failed to stat report
[1102/100540.560:ERROR:crash_report_database_win.cc(498)] failed to stat report
[1102/100540.560:ERROR:crash_report_database_win.cc(498)] failed to stat report
[1102/100540.560:ERROR:crash_report_database_win.cc(498)] failed to stat report
[1102/100540.568:ERROR:crash_report_database_win.cc(498)] failed to stat report
[1102/100540.568:ERROR:crash_report_database_win.cc(498)] failed to stat report
[1102/100540.568:ERROR:crash_report_database_win.cc(498)] failed to stat report
[1102/100540.568:ERROR:crash_report_database_win.cc(498)] failed to stat report
[1102/100540.568:ERROR:crash_report_database_win.cc(498)] failed to stat report
[1102/100540.568:ERROR:crash_report_database_win.cc(498)] failed to stat report
[1102/100540.568:ERROR:crash_report_database_win.cc(498)] failed to stat report
[1102/100540.568:ERROR:crash_report_database_win.cc(498)] failed to stat report
[1102/100540.568:ERROR:crash_report_database_win.cc(498)] failed to stat report
[1102/100540.568:ERROR:crash_report_database_win.cc(498)] failed to stat report
[1102/100540.572:ERROR:crash_report_database_win.cc(498)] failed to stat report
[1102/100540.572:ERROR:crash_report_database_win.cc(498)] failed to stat report
[1102/100540.572:ERROR:crash_report_database_win.cc(498)] failed to stat report
[1102/100540.572:ERROR:crash_report_database_win.cc(498)] failed to stat report
[1102/100540.572:ERROR:crash_report_database_win.cc(498)] failed to stat report
[1102/100540.572:ERROR:crash_report_database_win.cc(498)] failed to stat report
[1102/100540.573:ERROR:crash_report_database_win.cc(498)] failed to stat report
[1102/100540.573:ERROR:crash_report_database_win.cc(498)] failed to stat report
[1102/100540.573:ERROR:crash_report_database_win.cc(498)] failed to stat report
[1102/100540.573:ERROR:crash_report_database_win.cc(498)] failed to stat report
[1102/100540.580:ERROR:crash_report_database_win.cc(498)] failed to stat report
[1102/100540.580:ERROR:crash_report_database_win.cc(498)] failed to stat report
[1102/100540.580:ERROR:crash_report_database_win.cc(498)] failed to stat report
[1102/100540.580:ERROR:crash_report_database_win.cc(498)] failed to stat report
[1102/100540.581:ERROR:crash_report_database_win.cc(498)] failed to stat report
[1102/100540.581:ERROR:crash_report_database_win.cc(498)] failed to stat report
[1102/100540.581:ERROR:crash_report_database_win.cc(498)] failed to stat report
[1102/100540.581:ERROR:crash_report_database_win.cc(498)] failed to stat report
[1102/100540.581:ERROR:crash_report_database_win.cc(498)] failed to stat report
[1102/100540.581:ERROR:crash_report_database_win.cc(498)] failed to stat report
[1102/100846.087:ERROR:crash_report_database_win.cc(498)] failed to stat report
[1102/100846.089:ERROR:crash_report_database_win.cc(498)] failed to stat report
[1102/100846.089:ERROR:crash_report_database_win.cc(498)] failed to stat report
[1102/100846.089:ERROR:crash_report_database_win.cc(498)] failed to stat report
[1102/100846.089:ERROR:crash_report_database_win.cc(498)] failed to stat report
[1102/100846.089:ERROR:crash_report_database_win.cc(498)] failed to stat report
[1102/100846.089:ERROR:crash_report_database_win.cc(498)] failed to stat report
[1102/100846.089:ERROR:crash_report_database_win.cc(498)] failed to stat report
[1102/100846.089:ERROR:crash_report_database_win.cc(498)] failed to stat report
[1102/100846.090:ERROR:crash_report_database_win.cc(498)] failed to stat report
[1102/101846.088:ERROR:crash_report_database_win.cc(498)] failed to stat report
[1102/101846.088:ERROR:crash_report_database_win.cc(498)] failed to stat report
[1102/101846.088:ERROR:crash_report_database_win.cc(498)] failed to stat report
[1102/101846.088:ERROR:crash_report_database_win.cc(498)] failed to stat report
[1102/101846.088:ERROR:crash_report_database_win.cc(498)] failed to stat report
[1102/101846.088:ERROR:crash_report_database_win.cc(498)] failed to stat report
[1102/101846.088:ERROR:crash_report_database_win.cc(498)] failed to stat report
[1102/101846.088:ERROR:crash_report_database_win.cc(498)] failed to stat report
[1102/101846.088:ERROR:crash_report_database_win.cc(498)] failed to stat report
[1102/101846.088:ERROR:crash_report_database_win.cc(498)] failed to stat report
[1102/101846.099:ERROR:filesystem_win.cc(116)] GetFileAttributes C:\Users\BISHRA~2.ADH\AppData\Local\Temp\.profile\Crashpad\reports\13ff3cc9-a65e-48e5-8332-1cbe2e8c93f6.dmp: The system cannot find the file specified. (0x2)
[1102/101846.100:ERROR:filesystem_win.cc(116)] GetFileAttributes C:\Users\BISHRA~2.ADH\AppData\Local\Temp\.profile\Crashpad\reports\d7d3acd6-c9a6-4bb4-9dcc-40c171f98d39.dmp: The system cannot find the file specified. (0x2)
[1102/101846.100:ERROR:filesystem_win.cc(116)] GetFileAttributes C:\Users\BISHRA~2.ADH\AppData\Local\Temp\.profile\Crashpad\reports\e1a2a95f-3281-4c1e-b752-5aade4eb7403.dmp: The system cannot find the file specified. (0x2)
[1102/101846.100:ERROR:filesystem_win.cc(116)] GetFileAttributes C:\Users\BISHRA~2.ADH\AppData\Local\Temp\.profile\Crashpad\reports\e5e5c697-baf9-4d6e-9d81-b4603c13f120.dmp: The system cannot find the file specified. (0x2)
[1102/101846.100:ERROR:filesystem_win.cc(116)] GetFileAttributes C:\Users\BISHRA~2.ADH\AppData\Local\Temp\.profile\Crashpad\reports\51c5738a-a91b-4e08-bc75-6d95d185f165.dmp: The system cannot find the file specified. (0x2)
[1102/101846.100:ERROR:filesystem_win.cc(116)] GetFileAttributes C:\Users\BISHRA~2.ADH\AppData\Local\Temp\.profile\Crashpad\reports\ca5fee42-7cfd-42a8-92e8-c557f19c2c51.dmp: The system cannot find the file specified. (0x2)
[1102/101846.100:ERROR:filesystem_win.cc(116)] GetFileAttributes C:\Users\BISHRA~2.ADH\AppData\Local\Temp\.profile\Crashpad\reports\b802eff6-585a-47ce-999e-818c520d4ff1.dmp: The system cannot find the file specified. (0x2)
[1102/101846.100:ERROR:filesystem_win.cc(116)] GetFileAttributes C:\Users\BISHRA~2.ADH\AppData\Local\Temp\.profile\Crashpad\reports\d4ed31c9-fbdb-4fb7-92e8-e48e4a5b2f51.dmp: The system cannot find the file specified. (0x2)
[1102/101846.100:ERROR:filesystem_win.cc(116)] GetFileAttributes C:\Users\BISHRA~2.ADH\AppData\Local\Temp\.profile\Crashpad\reports\d8eb1e87-21f6-4bc4-a435-3eab5a8a7620.dmp: The system cannot find the file specified. (0x2)
[1102/101846.100:ERROR:filesystem_win.cc(116)] GetFileAttributes C:\Users\BISHRA~2.ADH\AppData\Local\Temp\.profile\Crashpad\reports\87d05631-642c-4808-abf7-990c4398f866.dmp: The system cannot find the file specified. (0x2)
[1102/101846.101:ERROR:directory_reader_win.cc(43)] FindFirstFile: The system cannot find the path specified. (0x3)
[1109/150959.889:ERROR:crash_report_database_win.cc(498)] failed to stat report
[1109/150959.890:ERROR:crash_report_database_win.cc(498)] failed to stat report
[1109/150959.890:ERROR:crash_report_database_win.cc(498)] failed to stat report
[1109/150959.890:ERROR:crash_report_database_win.cc(498)] failed to stat report
[1109/150959.891:ERROR:crash_report_database_win.cc(498)] failed to stat report
[1109/150959.891:ERROR:crash_report_database_win.cc(498)] failed to stat report
[1109/150959.891:ERROR:crash_report_database_win.cc(498)] failed to stat report
[1109/151959.887:ERROR:crash_report_database_win.cc(498)] failed to stat report
[1109/151959.887:ERROR:crash_report_database_win.cc(498)] failed to stat report
[1109/151959.887:ERROR:crash_report_database_win.cc(498)] failed to stat report
[1109/151959.887:ERROR:crash_report_database_win.cc(498)] failed to stat report
[1109/151959.887:ERROR:crash_report_database_win.cc(498)] failed to stat report
[1109/151959.887:ERROR:crash_report_database_win.cc(498)] failed to stat report
[1109/151959.887:ERROR:crash_report_database_win.cc(498)] failed to stat report
[1109/151959.898:ERROR:filesystem_win.cc(116)] GetFileAttributes C:\Users\BISHRA~2.ADH\AppData\Local\Temp\.profile\Crashpad\reports\011adecf-ac04-4a24-b048-d354d54bb574.dmp: The system cannot find the file specified. (0x2)
[1109/151959.898:ERROR:filesystem_win.cc(116)] GetFileAttributes C:\Users\BISHRA~2.ADH\AppData\Local\Temp\.profile\Crashpad\reports\891fa4b3-5944-44b0-b108-bdfdd019d6da.dmp: The system cannot find the file specified. (0x2)
[1109/151959.898:ERROR:filesystem_win.cc(116)] GetFileAttributes C:\Users\BISHRA~2.ADH\AppData\Local\Temp\.profile\Crashpad\reports\8d4119c9-4e80-4ffe-88ff-8238494cc54e.dmp: The system cannot find the file specified. (0x2)
[1109/151959.898:ERROR:filesystem_win.cc(116)] GetFileAttributes C:\Users\BISHRA~2.ADH\AppData\Local\Temp\.profile\Crashpad\reports\f0c7bb58-bfaf-49c4-9e43-2c48ee280e93.dmp: The system cannot find the file specified. (0x2)
[1109/151959.898:ERROR:filesystem_win.cc(116)] GetFileAttributes C:\Users\BISHRA~2.ADH\AppData\Local\Temp\.profile\Crashpad\reports\06460f60-037c-474a-874b-a0f839ded951.dmp: The system cannot find the file specified. (0x2)
[1109/151959.898:ERROR:filesystem_win.cc(116)] GetFileAttributes C:\Users\BISHRA~2.ADH\AppData\Local\Temp\.profile\Crashpad\reports\871e0c56-49c2-42e0-9b44-ba7812edc8f4.dmp: The system cannot find the file specified. (0x2)
[1109/151959.898:ERROR:filesystem_win.cc(116)] GetFileAttributes C:\Users\BISHRA~2.ADH\AppData\Local\Temp\.profile\Crashpad\reports\2ee0bda1-b840-479d-9291-ef82fb50683f.dmp: The system cannot find the file specified. (0x2)
[1109/151959.899:ERROR:directory_reader_win.cc(43)] FindFirstFile: The system cannot find the path specified. (0x3)
[1109/160959.909:ERROR:crash_report_database_win.cc(498)] failed to stat report
[1109/160959.909:ERROR:crash_report_database_win.cc(498)] failed to stat report
[1109/160959.909:ERROR:crash_report_database_win.cc(498)] failed to stat report
[1109/160959.909:ERROR:crash_report_database_win.cc(498)] failed to stat report
[1109/160959.909:ERROR:crash_report_database_win.cc(498)] failed to stat report
[1109/160959.909:ERROR:crash_report_database_win.cc(498)] failed to stat report
[1109/162459.917:ERROR:crash_report_database_win.cc(498)] failed to stat report
[1109/162459.917:ERROR:crash_report_database_win.cc(498)] failed to stat report
[1109/162459.917:ERROR:crash_report_database_win.cc(498)] failed to stat report
[1109/162459.917:ERROR:crash_report_database_win.cc(498)] failed to stat report
[1109/162459.917:ERROR:crash_report_database_win.cc(498)] failed to stat report
[1109/162459.917:ERROR:crash_report_database_win.cc(498)] failed to stat report
[1109/163959.921:ERROR:crash_report_database_win.cc(498)] failed to stat report
[1109/163959.922:ERROR:crash_report_database_win.cc(498)] failed to stat report
[1109/163959.922:ERROR:crash_report_database_win.cc(498)] failed to stat report
[1109/163959.922:ERROR:crash_report_database_win.cc(498)] failed to stat report
[1109/163959.922:ERROR:crash_report_database_win.cc(498)] failed to stat report
[1109/163959.922:ERROR:crash_report_database_win.cc(498)] failed to stat report
[1109/165459.927:ERROR:crash_report_database_win.cc(498)] failed to stat report
[1109/165459.927:ERROR:crash_report_database_win.cc(498)] failed to stat report
[1109/165459.927:ERROR:crash_report_database_win.cc(498)] failed to stat report
[1109/165459.927:ERROR:crash_report_database_win.cc(498)] failed to stat report
[1109/165459.927:ERROR:crash_report_database_win.cc(498)] failed to stat report
[1109/165459.927:ERROR:crash_report_database_win.cc(498)] failed to stat report
[1109/170959.930:ERROR:crash_report_database_win.cc(498)] failed to stat report
[1109/170959.930:ERROR:crash_report_database_win.cc(498)] failed to stat report
[1109/170959.930:ERROR:crash_report_database_win.cc(498)] failed to stat report
[1109/170959.930:ERROR:crash_report_database_win.cc(498)] failed to stat report
[1109/170959.930:ERROR:crash_report_database_win.cc(498)] failed to stat report
[1109/170959.930:ERROR:crash_report_database_win.cc(498)] failed to stat report
[1109/172459.930:ERROR:crash_report_database_win.cc(498)] failed to stat report
[1109/172459.930:ERROR:crash_report_database_win.cc(498)] failed to stat report
[1109/172459.930:ERROR:crash_report_database_win.cc(498)] failed to stat report
[1109/172459.930:ERROR:crash_report_database_win.cc(498)] failed to stat report
[1109/172459.930:ERROR:crash_report_database_win.cc(498)] failed to stat report
[1109/172459.930:ERROR:crash_report_database_win.cc(498)] failed to stat report
[1109/173959.931:ERROR:crash_report_database_win.cc(498)] failed to stat report
[1109/173959.931:ERROR:crash_report_database_win.cc(498)] failed to stat report
[1109/173959.931:ERROR:crash_report_database_win.cc(498)] failed to stat report
[1109/173959.931:ERROR:crash_report_database_win.cc(498)] failed to stat report
[1109/173959.931:ERROR:crash_report_database_win.cc(498)] failed to stat report
[1109/173959.931:ERROR:crash_report_database_win.cc(498)] failed to stat report
[1109/175459.932:ERROR:crash_report_database_win.cc(498)] failed to stat report
[1109/175459.932:ERROR:crash_report_database_win.cc(498)] failed to stat report
[1109/175459.932:ERROR:crash_report_database_win.cc(498)] failed to stat report
[1109/175459.932:ERROR:crash_report_database_win.cc(498)] failed to stat report
[1109/175459.932:ERROR:crash_report_database_win.cc(498)] failed to stat report
[1109/175459.932:ERROR:crash_report_database_win.cc(498)] failed to stat report
[1109/180959.933:ERROR:crash_report_database_win.cc(498)] failed to stat report
[1109/180959.934:ERROR:crash_report_database_win.cc(498)] failed to stat report
[1109/180959.934:ERROR:crash_report_database_win.cc(498)] failed to stat report
[1109/180959.934:ERROR:crash_report_database_win.cc(498)] failed to stat report
[1109/180959.934:ERROR:crash_report_database_win.cc(498)] failed to stat report
[1109/180959.934:ERROR:crash_report_database_win.cc(498)] failed to stat report
[1109/182459.942:ERROR:crash_report_database_win.cc(498)] failed to stat report
[1109/182459.942:ERROR:crash_report_database_win.cc(498)] failed to stat report
[1109/182459.942:ERROR:crash_report_database_win.cc(498)] failed to stat report
[1109/182459.942:ERROR:crash_report_database_win.cc(498)] failed to stat report
[1109/182459.942:ERROR:crash_report_database_win.cc(498)] failed to stat report
[1109/182459.942:ERROR:crash_report_database_win.cc(498)] failed to stat report
[1109/183959.950:ERROR:crash_report_database_win.cc(498)] failed to stat report
[1109/183959.950:ERROR:crash_report_database_win.cc(498)] failed to stat report
[1109/183959.950:ERROR:crash_report_database_win.cc(498)] failed to stat report
[1109/183959.950:ERROR:crash_report_database_win.cc(498)] failed to stat report
[1109/183959.950:ERROR:crash_report_database_win.cc(498)] failed to stat report
[1109/183959.950:ERROR:crash_report_database_win.cc(498)] failed to stat report
[1109/185459.956:ERROR:crash_report_database_win.cc(498)] failed to stat report
[1109/185459.956:ERROR:crash_report_database_win.cc(498)] failed to stat report
[1109/185459.956:ERROR:crash_report_database_win.cc(498)] failed to stat report
[1109/185459.956:ERROR:crash_report_database_win.cc(498)] failed to stat report
[1109/185459.956:ERROR:crash_report_database_win.cc(498)] failed to stat report
[1109/185459.956:ERROR:crash_report_database_win.cc(498)] failed to stat report
[1109/190959.961:ERROR:crash_report_database_win.cc(498)] failed to stat report
[1109/190959.961:ERROR:crash_report_database_win.cc(498)] failed to stat report
[1109/190959.961:ERROR:crash_report_database_win.cc(498)] failed to stat report
[1109/190959.961:ERROR:crash_report_database_win.cc(498)] failed to stat report
[1109/190959.961:ERROR:crash_report_database_win.cc(498)] failed to stat report
[1109/190959.961:ERROR:crash_report_database_win.cc(498)] failed to stat report
[1109/192459.964:ERROR:crash_report_database_win.cc(498)] failed to stat report
[1109/192459.964:ERROR:crash_report_database_win.cc(498)] failed to stat report
[1109/192459.964:ERROR:crash_report_database_win.cc(498)] failed to stat report
[1109/192459.964:ERROR:crash_report_database_win.cc(498)] failed to stat report
[1109/192459.964:ERROR:crash_report_database_win.cc(498)] failed to stat report
[1109/192459.964:ERROR:crash_report_database_win.cc(498)] failed to stat report
[1109/193959.967:ERROR:crash_report_database_win.cc(498)] failed to stat report
[1109/193959.967:ERROR:crash_report_database_win.cc(498)] failed to stat report
[1109/193959.967:ERROR:crash_report_database_win.cc(498)] failed to stat report
[1109/193959.967:ERROR:crash_report_database_win.cc(498)] failed to stat report
[1109/193959.967:ERROR:crash_report_database_win.cc(498)] failed to stat report
[1109/193959.967:ERROR:crash_report_database_win.cc(498)] failed to stat report
[1109/195459.969:ERROR:crash_report_database_win.cc(498)] failed to stat report
[1109/195459.970:ERROR:crash_report_database_win.cc(498)] failed to stat report
[1109/195459.970:ERROR:crash_report_database_win.cc(498)] failed to stat report
[1109/195459.970:ERROR:crash_report_database_win.cc(498)] failed to stat report
[1109/195459.970:ERROR:crash_report_database_win.cc(498)] failed to stat report
[1109/195459.970:ERROR:crash_report_database_win.cc(498)] failed to stat report
[1109/200959.972:ERROR:crash_report_database_win.cc(498)] failed to stat report
[1109/200959.972:ERROR:crash_report_database_win.cc(498)] failed to stat report
[1109/200959.972:ERROR:crash_report_database_win.cc(498)] failed to stat report
[1109/200959.972:ERROR:crash_report_database_win.cc(498)] failed to stat report
[1109/200959.972:ERROR:crash_report_database_win.cc(498)] failed to stat report
[1109/200959.972:ERROR:crash_report_database_win.cc(498)] failed to stat report
[1109/202459.974:ERROR:crash_report_database_win.cc(498)] failed to stat report
[1109/202459.974:ERROR:crash_report_database_win.cc(498)] failed to stat report
[1109/202459.974:ERROR:crash_report_database_win.cc(498)] failed to stat report
[1109/202459.974:ERROR:crash_report_database_win.cc(498)] failed to stat report
[1109/202459.974:ERROR:crash_report_database_win.cc(498)] failed to stat report
[1109/202459.974:ERROR:crash_report_database_win.cc(498)] failed to stat report
[1109/203959.977:ERROR:crash_report_database_win.cc(498)] failed to stat report
[1109/203959.977:ERROR:crash_report_database_win.cc(498)] failed to stat report
[1109/203959.977:ERROR:crash_report_database_win.cc(498)] failed to stat report
[1109/203959.977:ERROR:crash_report_database_win.cc(498)] failed to stat report
[1109/203959.977:ERROR:crash_report_database_win.cc(498)] failed to stat report
[1109/203959.977:ERROR:crash_report_database_win.cc(498)] failed to stat report
[1109/205459.983:ERROR:crash_report_database_win.cc(498)] failed to stat report
[1109/205459.983:ERROR:crash_report_database_win.cc(498)] failed to stat report
[1109/205459.983:ERROR:crash_report_database_win.cc(498)] failed to stat report
[1109/205459.983:ERROR:crash_report_database_win.cc(498)] failed to stat report
[1109/205459.983:ERROR:crash_report_database_win.cc(498)] failed to stat report
[1109/205459.983:ERROR:crash_report_database_win.cc(498)] failed to stat report
[1109/210959.987:ERROR:crash_report_database_win.cc(498)] failed to stat report
[1109/210959.987:ERROR:crash_report_database_win.cc(498)] failed to stat report
[1109/210959.987:ERROR:crash_report_database_win.cc(498)] failed to stat report
[1109/210959.987:ERROR:crash_report_database_win.cc(498)] failed to stat report
[1109/210959.987:ERROR:crash_report_database_win.cc(498)] failed to stat report
[1109/210959.987:ERROR:crash_report_database_win.cc(498)] failed to stat report
[1109/212459.989:ERROR:crash_report_database_win.cc(498)] failed to stat report
[1109/212459.990:ERROR:crash_report_database_win.cc(498)] failed to stat report
[1109/212459.990:ERROR:crash_report_database_win.cc(498)] failed to stat report
[1109/212459.990:ERROR:crash_report_database_win.cc(498)] failed to stat report
[1109/212459.990:ERROR:crash_report_database_win.cc(498)] failed to stat report
[1109/212459.990:ERROR:crash_report_database_win.cc(498)] failed to stat report
[1109/213959.992:ERROR:crash_report_database_win.cc(498)] failed to stat report
[1109/213959.992:ERROR:crash_report_database_win.cc(498)] failed to stat report
[1109/213959.992:ERROR:crash_report_database_win.cc(498)] failed to stat report
[1109/213959.992:ERROR:crash_report_database_win.cc(498)] failed to stat report
[1109/213959.992:ERROR:crash_report_database_win.cc(498)] failed to stat report
[1109/213959.992:ERROR:crash_report_database_win.cc(498)] failed to stat report
[1109/215459.995:ERROR:crash_report_database_win.cc(498)] failed to stat report
[1109/215459.995:ERROR:crash_report_database_win.cc(498)] failed to stat report
[1109/215459.995:ERROR:crash_report_database_win.cc(498)] failed to stat report
[1109/215459.995:ERROR:crash_report_database_win.cc(498)] failed to stat report
[1109/215459.995:ERROR:crash_report_database_win.cc(498)] failed to stat report
[1109/215459.995:ERROR:crash_report_database_win.cc(498)] failed to stat report
[1109/220959.997:ERROR:crash_report_database_win.cc(498)] failed to stat report
[1109/220959.997:ERROR:crash_report_database_win.cc(498)] failed to stat report
[1109/220959.997:ERROR:crash_report_database_win.cc(498)] failed to stat report
[1109/220959.997:ERROR:crash_report_database_win.cc(498)] failed to stat report
[1109/220959.997:ERROR:crash_report_database_win.cc(498)] failed to stat report
[1109/220959.997:ERROR:crash_report_database_win.cc(498)] failed to stat report
[1109/222459.999:ERROR:crash_report_database_win.cc(498)] failed to stat report
[1109/222459.999:ERROR:crash_report_database_win.cc(498)] failed to stat report
[1109/222459.999:ERROR:crash_report_database_win.cc(498)] failed to stat report
[1109/222459.999:ERROR:crash_report_database_win.cc(498)] failed to stat report
[1109/222459.999:ERROR:crash_report_database_win.cc(498)] failed to stat report
[1109/222459.999:ERROR:crash_report_database_win.cc(498)] failed to stat report
[1109/224000.001:ERROR:crash_report_database_win.cc(498)] failed to stat report
[1109/224000.001:ERROR:crash_report_database_win.cc(498)] failed to stat report
[1109/224000.001:ERROR:crash_report_database_win.cc(498)] failed to stat report
[1109/224000.001:ERROR:crash_report_database_win.cc(498)] failed to stat report
[1109/224000.001:ERROR:crash_report_database_win.cc(498)] failed to stat report
[1109/224000.001:ERROR:crash_report_database_win.cc(498)] failed to stat report
[1109/225500.005:ERROR:crash_report_database_win.cc(498)] failed to stat report
[1109/225500.005:ERROR:crash_report_database_win.cc(498)] failed to stat report
[1109/225500.005:ERROR:crash_report_database_win.cc(498)] failed to stat report
[1109/225500.005:ERROR:crash_report_database_win.cc(498)] failed to stat report
[1109/225500.005:ERROR:crash_report_database_win.cc(498)] failed to stat report
[1109/225500.005:ERROR:crash_report_database_win.cc(498)] failed to stat report
[1109/231000.013:ERROR:crash_report_database_win.cc(498)] failed to stat report
[1109/231000.014:ERROR:crash_report_database_win.cc(498)] failed to stat report
[1109/231000.014:ERROR:crash_report_database_win.cc(498)] failed to stat report
[1109/231000.014:ERROR:crash_report_database_win.cc(498)] failed to stat report
[1109/231000.014:ERROR:crash_report_database_win.cc(498)] failed to stat report
[1109/231000.014:ERROR:crash_report_database_win.cc(498)] failed to stat report
[1109/232500.021:ERROR:crash_report_database_win.cc(498)] failed to stat report
[1109/232500.021:ERROR:crash_report_database_win.cc(498)] failed to stat report
[1109/232500.021:ERROR:crash_report_database_win.cc(498)] failed to stat report
[1109/232500.021:ERROR:crash_report_database_win.cc(498)] failed to stat report
[1109/232500.021:ERROR:crash_report_database_win.cc(498)] failed to stat report
[1109/232500.021:ERROR:crash_report_database_win.cc(498)] failed to stat report
[1109/234000.026:ERROR:crash_report_database_win.cc(498)] failed to stat report
[1109/234000.026:ERROR:crash_report_database_win.cc(498)] failed to stat report
[1109/234000.026:ERROR:crash_report_database_win.cc(498)] failed to stat report
[1109/234000.026:ERROR:crash_report_database_win.cc(498)] failed to stat report
[1109/234000.026:ERROR:crash_report_database_win.cc(498)] failed to stat report
[1109/234000.026:ERROR:crash_report_database_win.cc(498)] failed to stat report
[1109/235500.030:ERROR:crash_report_database_win.cc(498)] failed to stat report
[1109/235500.030:ERROR:crash_report_database_win.cc(498)] failed to stat report
[1109/235500.030:ERROR:crash_report_database_win.cc(498)] failed to stat report
[1109/235500.030:ERROR:crash_report_database_win.cc(498)] failed to stat report
[1109/235500.030:ERROR:crash_report_database_win.cc(498)] failed to stat report
[1109/235500.030:ERROR:crash_report_database_win.cc(498)] failed to stat report
[1110/001000.033:ERROR:crash_report_database_win.cc(498)] failed to stat report
[1110/001000.033:ERROR:crash_report_database_win.cc(498)] failed to stat report
[1110/001000.033:ERROR:crash_report_database_win.cc(498)] failed to stat report
[1110/001000.033:ERROR:crash_report_database_win.cc(498)] failed to stat report
[1110/001000.033:ERROR:crash_report_database_win.cc(498)] failed to stat report
[1110/001000.033:ERROR:crash_report_database_win.cc(498)] failed to stat report
[1110/002500.036:ERROR:crash_report_database_win.cc(498)] failed to stat report
[1110/002500.036:ERROR:crash_report_database_win.cc(498)] failed to stat report
[1110/002500.036:ERROR:crash_report_database_win.cc(498)] failed to stat report
[1110/002500.036:ERROR:crash_report_database_win.cc(498)] failed to stat report
[1110/002500.036:ERROR:crash_report_database_win.cc(498)] failed to stat report
[1110/002500.036:ERROR:crash_report_database_win.cc(498)] failed to stat report
[1110/004000.038:ERROR:crash_report_database_win.cc(498)] failed to stat report
[1110/004000.038:ERROR:crash_report_database_win.cc(498)] failed to stat report
[1110/004000.038:ERROR:crash_report_database_win.cc(498)] failed to stat report
[1110/004000.038:ERROR:crash_report_database_win.cc(498)] failed to stat report
[1110/004000.038:ERROR:crash_report_database_win.cc(498)] failed to stat report
[1110/004000.038:ERROR:crash_report_database_win.cc(498)] failed to stat report
[1110/005500.040:ERROR:crash_report_database_win.cc(498)] failed to stat report
[1110/005500.040:ERROR:crash_report_database_win.cc(498)] failed to stat report
[1110/005500.040:ERROR:crash_report_database_win.cc(498)] failed to stat report
[1110/005500.040:ERROR:crash_report_database_win.cc(498)] failed to stat report
[1110/005500.040:ERROR:crash_report_database_win.cc(498)] failed to stat report
[1110/005500.040:ERROR:crash_report_database_win.cc(498)] failed to stat report
[1110/011000.042:ERROR:crash_report_database_win.cc(498)] failed to stat report
[1110/011000.042:ERROR:crash_report_database_win.cc(498)] failed to stat report
[1110/011000.042:ERROR:crash_report_database_win.cc(498)] failed to stat report
[1110/011000.042:ERROR:crash_report_database_win.cc(498)] failed to stat report
[1110/011000.042:ERROR:crash_report_database_win.cc(498)] failed to stat report
[1110/011000.042:ERROR:crash_report_database_win.cc(498)] failed to stat report
[1110/012500.048:ERROR:crash_report_database_win.cc(498)] failed to stat report
[1110/012500.048:ERROR:crash_report_database_win.cc(498)] failed to stat report
[1110/012500.048:ERROR:crash_report_database_win.cc(498)] failed to stat report
[1110/012500.048:ERROR:crash_report_database_win.cc(498)] failed to stat report
[1110/012500.048:ERROR:crash_report_database_win.cc(498)] failed to stat report
[1110/012500.048:ERROR:crash_report_database_win.cc(498)] failed to stat report
[1110/014000.050:ERROR:crash_report_database_win.cc(498)] failed to stat report
[1110/014000.050:ERROR:crash_report_database_win.cc(498)] failed to stat report
[1110/014000.050:ERROR:crash_report_database_win.cc(498)] failed to stat report
[1110/014000.050:ERROR:crash_report_database_win.cc(498)] failed to stat report
[1110/014000.050:ERROR:crash_report_database_win.cc(498)] failed to stat report
[1110/014000.050:ERROR:crash_report_database_win.cc(498)] failed to stat report
[1110/015500.050:ERROR:crash_report_database_win.cc(498)] failed to stat report
[1110/015500.051:ERROR:crash_report_database_win.cc(498)] failed to stat report
[1110/015500.051:ERROR:crash_report_database_win.cc(498)] failed to stat report
[1110/015500.051:ERROR:crash_report_database_win.cc(498)] failed to stat report
[1110/015500.051:ERROR:crash_report_database_win.cc(498)] failed to stat report
[1110/015500.051:ERROR:crash_report_database_win.cc(498)] failed to stat report
[1110/021000.056:ERROR:crash_report_database_win.cc(498)] failed to stat report
[1110/021000.056:ERROR:crash_report_database_win.cc(498)] failed to stat report
[1110/021000.056:ERROR:crash_report_database_win.cc(498)] failed to stat report
[1110/021000.056:ERROR:crash_report_database_win.cc(498)] failed to stat report
[1110/021000.056:ERROR:crash_report_database_win.cc(498)] failed to stat report
[1110/021000.056:ERROR:crash_report_database_win.cc(498)] failed to stat report
[1110/022500.059:ERROR:crash_report_database_win.cc(498)] failed to stat report
[1110/022500.059:ERROR:crash_report_database_win.cc(498)] failed to stat report
[1110/022500.059:ERROR:crash_report_database_win.cc(498)] failed to stat report
[1110/022500.059:ERROR:crash_report_database_win.cc(498)] failed to stat report
[1110/022500.059:ERROR:crash_report_database_win.cc(498)] failed to stat report
[1110/022500.059:ERROR:crash_report_database_win.cc(498)] failed to stat report
[1110/024000.061:ERROR:crash_report_database_win.cc(498)] failed to stat report
[1110/024000.061:ERROR:crash_report_database_win.cc(498)] failed to stat report
[1110/024000.061:ERROR:crash_report_database_win.cc(498)] failed to stat report
[1110/024000.061:ERROR:crash_report_database_win.cc(498)] failed to stat report
[1110/024000.061:ERROR:crash_report_database_win.cc(498)] failed to stat report
[1110/024000.061:ERROR:crash_report_database_win.cc(498)] failed to stat report
[1110/025500.062:ERROR:crash_report_database_win.cc(498)] failed to stat report
[1110/025500.062:ERROR:crash_report_database_win.cc(498)] failed to stat report
[1110/025500.062:ERROR:crash_report_database_win.cc(498)] failed to stat report
[1110/025500.062:ERROR:crash_report_database_win.cc(498)] failed to stat report
[1110/025500.062:ERROR:crash_report_database_win.cc(498)] failed to stat report
[1110/025500.062:ERROR:crash_report_database_win.cc(498)] failed to stat report
[1110/031000.065:ERROR:crash_report_database_win.cc(498)] failed to stat report
[1110/031000.065:ERROR:crash_report_database_win.cc(498)] failed to stat report
[1110/031000.065:ERROR:crash_report_database_win.cc(498)] failed to stat report
[1110/031000.065:ERROR:crash_report_database_win.cc(498)] failed to stat report
[1110/031000.065:ERROR:crash_report_database_win.cc(498)] failed to stat report
[1110/031000.065:ERROR:crash_report_database_win.cc(498)] failed to stat report
[1110/032500.066:ERROR:crash_report_database_win.cc(498)] failed to stat report
[1110/032500.066:ERROR:crash_report_database_win.cc(498)] failed to stat report
[1110/032500.066:ERROR:crash_report_database_win.cc(498)] failed to stat report
[1110/032500.066:ERROR:crash_report_database_win.cc(498)] failed to stat report
[1110/032500.066:ERROR:crash_report_database_win.cc(498)] failed to stat report
[1110/032500.066:ERROR:crash_report_database_win.cc(498)] failed to stat report
[1110/034000.073:ERROR:crash_report_database_win.cc(498)] failed to stat report
[1110/034000.073:ERROR:crash_report_database_win.cc(498)] failed to stat report
[1110/034000.073:ERROR:crash_report_database_win.cc(498)] failed to stat report
[1110/034000.073:ERROR:crash_report_database_win.cc(498)] failed to stat report
[1110/034000.073:ERROR:crash_report_database_win.cc(498)] failed to stat report
[1110/034000.073:ERROR:crash_report_database_win.cc(498)] failed to stat report
[1110/035500.079:ERROR:crash_report_database_win.cc(498)] failed to stat report
[1110/035500.079:ERROR:crash_report_database_win.cc(498)] failed to stat report
[1110/035500.079:ERROR:crash_report_database_win.cc(498)] failed to stat report
[1110/035500.079:ERROR:crash_report_database_win.cc(498)] failed to stat report
[1110/035500.079:ERROR:crash_report_database_win.cc(498)] failed to stat report
[1110/035500.079:ERROR:crash_report_database_win.cc(498)] failed to stat report
[1110/041000.085:ERROR:crash_report_database_win.cc(498)] failed to stat report
[1110/041000.085:ERROR:crash_report_database_win.cc(498)] failed to stat report
[1110/041000.085:ERROR:crash_report_database_win.cc(498)] failed to stat report
[1110/041000.085:ERROR:crash_report_database_win.cc(498)] failed to stat report
[1110/041000.085:ERROR:crash_report_database_win.cc(498)] failed to stat report
[1110/041000.085:ERROR:crash_report_database_win.cc(498)] failed to stat report
[1110/042500.090:ERROR:crash_report_database_win.cc(498)] failed to stat report
[1110/042500.093:ERROR:crash_report_database_win.cc(498)] failed to stat report
[1110/042500.093:ERROR:crash_report_database_win.cc(498)] failed to stat report
[1110/042500.093:ERROR:crash_report_database_win.cc(498)] failed to stat report
[1110/042500.093:ERROR:crash_report_database_win.cc(498)] failed to stat report
[1110/042500.094:ERROR:crash_report_database_win.cc(498)] failed to stat report
[1110/044000.098:ERROR:crash_report_database_win.cc(498)] failed to stat report
[1110/044000.098:ERROR:crash_report_database_win.cc(498)] failed to stat report
[1110/044000.098:ERROR:crash_report_database_win.cc(498)] failed to stat report
[1110/044000.098:ERROR:crash_report_database_win.cc(498)] failed to stat report
[1110/044000.098:ERROR:crash_report_database_win.cc(498)] failed to stat report
[1110/044000.098:ERROR:crash_report_database_win.cc(498)] failed to stat report
[1110/045500.105:ERROR:crash_report_database_win.cc(498)] failed to stat report
[1110/045500.105:ERROR:crash_report_database_win.cc(498)] failed to stat report
[1110/045500.105:ERROR:crash_report_database_win.cc(498)] failed to stat report
[1110/045500.105:ERROR:crash_report_database_win.cc(498)] failed to stat report
[1110/045500.105:ERROR:crash_report_database_win.cc(498)] failed to stat report
[1110/045500.105:ERROR:crash_report_database_win.cc(498)] failed to stat report
[1110/051000.109:ERROR:crash_report_database_win.cc(498)] failed to stat report
[1110/051000.109:ERROR:crash_report_database_win.cc(498)] failed to stat report
[1110/051000.109:ERROR:crash_report_database_win.cc(498)] failed to stat report
[1110/051000.109:ERROR:crash_report_database_win.cc(498)] failed to stat report
[1110/051000.109:ERROR:crash_report_database_win.cc(498)] failed to stat report
[1110/051000.109:ERROR:crash_report_database_win.cc(498)] failed to stat report
[1110/052500.111:ERROR:crash_report_database_win.cc(498)] failed to stat report
[1110/052500.112:ERROR:crash_report_database_win.cc(498)] failed to stat report
[1110/052500.112:ERROR:crash_report_database_win.cc(498)] failed to stat report
[1110/052500.112:ERROR:crash_report_database_win.cc(498)] failed to stat report
[1110/052500.112:ERROR:crash_report_database_win.cc(498)] failed to stat report
[1110/052500.112:ERROR:crash_report_database_win.cc(498)] failed to stat report
[1110/054000.115:ERROR:crash_report_database_win.cc(498)] failed to stat report
[1110/054000.115:ERROR:crash_report_database_win.cc(498)] failed to stat report
[1110/054000.115:ERROR:crash_report_database_win.cc(498)] failed to stat report
[1110/054000.115:ERROR:crash_report_database_win.cc(498)] failed to stat report
[1110/054000.115:ERROR:crash_report_database_win.cc(498)] failed to stat report
[1110/054000.115:ERROR:crash_report_database_win.cc(498)] failed to stat report
[1110/055500.118:ERROR:crash_report_database_win.cc(498)] failed to stat report
[1110/055500.118:ERROR:crash_report_database_win.cc(498)] failed to stat report
[1110/055500.118:ERROR:crash_report_database_win.cc(498)] failed to stat report
[1110/055500.118:ERROR:crash_report_database_win.cc(498)] failed to stat report
[1110/055500.118:ERROR:crash_report_database_win.cc(498)] failed to stat report
[1110/055500.118:ERROR:crash_report_database_win.cc(498)] failed to stat report
[1110/061000.123:ERROR:crash_report_database_win.cc(498)] failed to stat report
[1110/061000.123:ERROR:crash_report_database_win.cc(498)] failed to stat report
[1110/061000.123:ERROR:crash_report_database_win.cc(498)] failed to stat report
[1110/061000.123:ERROR:crash_report_database_win.cc(498)] failed to stat report
[1110/061000.123:ERROR:crash_report_database_win.cc(498)] failed to stat report
[1110/061000.123:ERROR:crash_report_database_win.cc(498)] failed to stat report
[1110/062500.126:ERROR:crash_report_database_win.cc(498)] failed to stat report
[1110/062500.126:ERROR:crash_report_database_win.cc(498)] failed to stat report
[1110/062500.126:ERROR:crash_report_database_win.cc(498)] failed to stat report
[1110/062500.126:ERROR:crash_report_database_win.cc(498)] failed to stat report
[1110/062500.126:ERROR:crash_report_database_win.cc(498)] failed to stat report
[1110/062500.126:ERROR:crash_report_database_win.cc(498)] failed to stat report
[1110/064000.128:ERROR:crash_report_database_win.cc(498)] failed to stat report
[1110/064000.128:ERROR:crash_report_database_win.cc(498)] failed to stat report
[1110/064000.128:ERROR:crash_report_database_win.cc(498)] failed to stat report
[1110/064000.128:ERROR:crash_report_database_win.cc(498)] failed to stat report
[1110/064000.128:ERROR:crash_report_database_win.cc(498)] failed to stat report
[1110/064000.128:ERROR:crash_report_database_win.cc(498)] failed to stat report
[1110/065500.131:ERROR:crash_report_database_win.cc(498)] failed to stat report
[1110/065500.131:ERROR:crash_report_database_win.cc(498)] failed to stat report
[1110/065500.131:ERROR:crash_report_database_win.cc(498)] failed to stat report
[1110/065500.131:ERROR:crash_report_database_win.cc(498)] failed to stat report
[1110/065500.131:ERROR:crash_report_database_win.cc(498)] failed to stat report
[1110/065500.131:ERROR:crash_report_database_win.cc(498)] failed to stat report
[1110/071000.132:ERROR:crash_report_database_win.cc(498)] failed to stat report
[1110/071000.133:ERROR:crash_report_database_win.cc(498)] failed to stat report
[1110/071000.133:ERROR:crash_report_database_win.cc(498)] failed to stat report
[1110/071000.133:ERROR:crash_report_database_win.cc(498)] failed to stat report
[1110/071000.133:ERROR:crash_report_database_win.cc(498)] failed to stat report
[1110/071000.133:ERROR:crash_report_database_win.cc(498)] failed to stat report
[1110/072500.135:ERROR:crash_report_database_win.cc(498)] failed to stat report
[1110/072500.135:ERROR:crash_report_database_win.cc(498)] failed to stat report
[1110/072500.135:ERROR:crash_report_database_win.cc(498)] failed to stat report
[1110/072500.135:ERROR:crash_report_database_win.cc(498)] failed to stat report
[1110/072500.135:ERROR:crash_report_database_win.cc(498)] failed to stat report
[1110/072500.135:ERROR:crash_report_database_win.cc(498)] failed to stat report
[1110/074000.136:ERROR:crash_report_database_win.cc(498)] failed to stat report
[1110/074000.137:ERROR:crash_report_database_win.cc(498)] failed to stat report
[1110/074000.137:ERROR:crash_report_database_win.cc(498)] failed to stat report
[1110/074000.137:ERROR:crash_report_database_win.cc(498)] failed to stat report
[1110/074000.137:ERROR:crash_report_database_win.cc(498)] failed to stat report
[1110/074000.137:ERROR:crash_report_database_win.cc(498)] failed to stat report
[1110/075500.138:ERROR:crash_report_database_win.cc(498)] failed to stat report
[1110/075500.139:ERROR:crash_report_database_win.cc(498)] failed to stat report
[1110/075500.139:ERROR:crash_report_database_win.cc(498)] failed to stat report
[1110/075500.139:ERROR:crash_report_database_win.cc(498)] failed to stat report
[1110/075500.139:ERROR:crash_report_database_win.cc(498)] failed to stat report
[1110/075500.139:ERROR:crash_report_database_win.cc(498)] failed to stat report
[1110/081000.141:ERROR:crash_report_database_win.cc(498)] failed to stat report
[1110/081000.141:ERROR:crash_report_database_win.cc(498)] failed to stat report
[1110/081000.141:ERROR:crash_report_database_win.cc(498)] failed to stat report
[1110/081000.141:ERROR:crash_report_database_win.cc(498)] failed to stat report
[1110/081000.141:ERROR:crash_report_database_win.cc(498)] failed to stat report
[1110/081000.141:ERROR:crash_report_database_win.cc(498)] failed to stat report
[1110/082500.142:ERROR:crash_report_database_win.cc(498)] failed to stat report
[1110/082500.143:ERROR:crash_report_database_win.cc(498)] failed to stat report
[1110/082500.143:ERROR:crash_report_database_win.cc(498)] failed to stat report
[1110/082500.143:ERROR:crash_report_database_win.cc(498)] failed to stat report
[1110/082500.143:ERROR:crash_report_database_win.cc(498)] failed to stat report
[1110/082500.143:ERROR:crash_report_database_win.cc(498)] failed to stat report
[1110/084000.144:ERROR:crash_report_database_win.cc(498)] failed to stat report
[1110/084000.145:ERROR:crash_report_database_win.cc(498)] failed to stat report
[1110/084000.145:ERROR:crash_report_database_win.cc(498)] failed to stat report
[1110/084000.145:ERROR:crash_report_database_win.cc(498)] failed to stat report
[1110/084000.145:ERROR:crash_report_database_win.cc(498)] failed to stat report
[1110/084000.145:ERROR:crash_report_database_win.cc(498)] failed to stat report
[1110/085500.147:ERROR:crash_report_database_win.cc(498)] failed to stat report
[1110/085500.147:ERROR:crash_report_database_win.cc(498)] failed to stat report
[1110/085500.147:ERROR:crash_report_database_win.cc(498)] failed to stat report
[1110/085500.147:ERROR:crash_report_database_win.cc(498)] failed to stat report
[1110/085500.147:ERROR:crash_report_database_win.cc(498)] failed to stat report
[1110/085500.147:ERROR:crash_report_database_win.cc(498)] failed to stat report
[1110/091000.149:ERROR:crash_report_database_win.cc(498)] failed to stat report
[1110/091000.149:ERROR:crash_report_database_win.cc(498)] failed to stat report
[1110/091000.149:ERROR:crash_report_database_win.cc(498)] failed to stat report
[1110/091000.149:ERROR:crash_report_database_win.cc(498)] failed to stat report
[1110/091000.149:ERROR:crash_report_database_win.cc(498)] failed to stat report
[1110/091000.149:ERROR:crash_report_database_win.cc(498)] failed to stat report
[1110/092500.151:ERROR:crash_report_database_win.cc(498)] failed to stat report
[1110/092500.151:ERROR:crash_report_database_win.cc(498)] failed to stat report
[1110/092500.151:ERROR:crash_report_database_win.cc(498)] failed to stat report
[1110/092500.151:ERROR:crash_report_database_win.cc(498)] failed to stat report
[1110/092500.151:ERROR:crash_report_database_win.cc(498)] failed to stat report
[1110/092500.151:ERROR:crash_report_database_win.cc(498)] failed to stat report
[1110/094000.154:ERROR:crash_report_database_win.cc(498)] failed to stat report
[1110/094000.154:ERROR:crash_report_database_win.cc(498)] failed to stat report
[1110/094000.154:ERROR:crash_report_database_win.cc(498)] failed to stat report
[1110/094000.154:ERROR:crash_report_database_win.cc(498)] failed to stat report
[1110/094000.154:ERROR:crash_report_database_win.cc(498)] failed to stat report
[1110/094000.154:ERROR:crash_report_database_win.cc(498)] failed to stat report
[1110/095500.155:ERROR:crash_report_database_win.cc(498)] failed to stat report
[1110/095500.155:ERROR:crash_report_database_win.cc(498)] failed to stat report
[1110/095500.155:ERROR:crash_report_database_win.cc(498)] failed to stat report
[1110/095500.155:ERROR:crash_report_database_win.cc(498)] failed to stat report
[1110/095500.155:ERROR:crash_report_database_win.cc(498)] failed to stat report
[1110/095500.155:ERROR:crash_report_database_win.cc(498)] failed to stat report
[1110/101000.157:ERROR:crash_report_database_win.cc(498)] failed to stat report
[1110/101000.157:ERROR:crash_report_database_win.cc(498)] failed to stat report
[1110/101000.157:ERROR:crash_report_database_win.cc(498)] failed to stat report
[1110/101000.157:ERROR:crash_report_database_win.cc(498)] failed to stat report
[1110/101000.157:ERROR:crash_report_database_win.cc(498)] failed to stat report
[1110/101000.157:ERROR:crash_report_database_win.cc(498)] failed to stat report
[1110/102500.166:ERROR:crash_report_database_win.cc(498)] failed to stat report
[1110/102500.166:ERROR:crash_report_database_win.cc(498)] failed to stat report
[1110/102500.166:ERROR:crash_report_database_win.cc(498)] failed to stat report
[1110/102500.166:ERROR:crash_report_database_win.cc(498)] failed to stat report
[1110/102500.167:ERROR:crash_report_database_win.cc(498)] failed to stat report
[1110/102500.167:ERROR:crash_report_database_win.cc(498)] failed to stat report
[1110/104000.176:ERROR:crash_report_database_win.cc(498)] failed to stat report
[1110/104000.176:ERROR:crash_report_database_win.cc(498)] failed to stat report
[1110/104000.176:ERROR:crash_report_database_win.cc(498)] failed to stat report
[1110/104000.176:ERROR:crash_report_database_win.cc(498)] failed to stat report
[1110/104000.176:ERROR:crash_report_database_win.cc(498)] failed to stat report
[1110/104000.176:ERROR:crash_report_database_win.cc(498)] failed to stat report
[1110/105500.184:ERROR:crash_report_database_win.cc(498)] failed to stat report
[1110/105500.184:ERROR:crash_report_database_win.cc(498)] failed to stat report
[1110/105500.184:ERROR:crash_report_database_win.cc(498)] failed to stat report
[1110/105500.184:ERROR:crash_report_database_win.cc(498)] failed to stat report
[1110/105500.184:ERROR:crash_report_database_win.cc(498)] failed to stat report
[1110/105500.184:ERROR:crash_report_database_win.cc(498)] failed to stat report
[1110/111000.189:ERROR:crash_report_database_win.cc(498)] failed to stat report
[1110/111000.190:ERROR:crash_report_database_win.cc(498)] failed to stat report
[1110/111000.190:ERROR:crash_report_database_win.cc(498)] failed to stat report
[1110/111000.190:ERROR:crash_report_database_win.cc(498)] failed to stat report
[1110/111000.190:ERROR:crash_report_database_win.cc(498)] failed to stat report
[1110/111000.190:ERROR:crash_report_database_win.cc(498)] failed to stat report
[1110/112500.196:ERROR:crash_report_database_win.cc(498)] failed to stat report
[1110/112500.196:ERROR:crash_report_database_win.cc(498)] failed to stat report
[1110/112500.196:ERROR:crash_report_database_win.cc(498)] failed to stat report
[1110/112500.196:ERROR:crash_report_database_win.cc(498)] failed to stat report
[1110/112500.196:ERROR:crash_report_database_win.cc(498)] failed to stat report
[1110/112500.196:ERROR:crash_report_database_win.cc(498)] failed to stat report
[1110/114000.201:ERROR:crash_report_database_win.cc(498)] failed to stat report
[1110/114000.201:ERROR:crash_report_database_win.cc(498)] failed to stat report
[1110/114000.201:ERROR:crash_report_database_win.cc(498)] failed to stat report
[1110/114000.201:ERROR:crash_report_database_win.cc(498)] failed to stat report
[1110/114000.201:ERROR:crash_report_database_win.cc(498)] failed to stat report
[1110/114000.201:ERROR:crash_report_database_win.cc(498)] failed to stat report
[1110/115500.205:ERROR:crash_report_database_win.cc(498)] failed to stat report
[1110/115500.205:ERROR:crash_report_database_win.cc(498)] failed to stat report
[1110/115500.205:ERROR:crash_report_database_win.cc(498)] failed to stat report
[1110/115500.205:ERROR:crash_report_database_win.cc(498)] failed to stat report
[1110/115500.205:ERROR:crash_report_database_win.cc(498)] failed to stat report
[1110/115500.205:ERROR:crash_report_database_win.cc(498)] failed to stat report
[1110/121000.209:ERROR:crash_report_database_win.cc(498)] failed to stat report
[1110/121000.209:ERROR:crash_report_database_win.cc(498)] failed to stat report
[1110/121000.209:ERROR:crash_report_database_win.cc(498)] failed to stat report
[1110/121000.209:ERROR:crash_report_database_win.cc(498)] failed to stat report
[1110/121000.209:ERROR:crash_report_database_win.cc(498)] failed to stat report
[1110/121000.209:ERROR:crash_report_database_win.cc(498)] failed to stat report
[1110/122500.212:ERROR:crash_report_database_win.cc(498)] failed to stat report
[1110/122500.212:ERROR:crash_report_database_win.cc(498)] failed to stat report
[1110/122500.212:ERROR:crash_report_database_win.cc(498)] failed to stat report
[1110/122500.212:ERROR:crash_report_database_win.cc(498)] failed to stat report
[1110/122500.212:ERROR:crash_report_database_win.cc(498)] failed to stat report
[1110/122500.212:ERROR:crash_report_database_win.cc(498)] failed to stat report
[1110/124000.216:ERROR:crash_report_database_win.cc(498)] failed to stat report
[1110/124000.216:ERROR:crash_report_database_win.cc(498)] failed to stat report
[1110/124000.216:ERROR:crash_report_database_win.cc(498)] failed to stat report
[1110/124000.216:ERROR:crash_report_database_win.cc(498)] failed to stat report
[1110/124000.216:ERROR:crash_report_database_win.cc(498)] failed to stat report
[1110/124000.216:ERROR:crash_report_database_win.cc(498)] failed to stat report
[1110/125500.218:ERROR:crash_report_database_win.cc(498)] failed to stat report
[1110/125500.218:ERROR:crash_report_database_win.cc(498)] failed to stat report
[1110/125500.218:ERROR:crash_report_database_win.cc(498)] failed to stat report
[1110/125500.218:ERROR:crash_report_database_win.cc(498)] failed to stat report
[1110/125500.218:ERROR:crash_report_database_win.cc(498)] failed to stat report
[1110/125500.218:ERROR:crash_report_database_win.cc(498)] failed to stat report
[1110/131000.221:ERROR:crash_report_database_win.cc(498)] failed to stat report
[1110/131000.221:ERROR:crash_report_database_win.cc(498)] failed to stat report
[1110/131000.221:ERROR:crash_report_database_win.cc(498)] failed to stat report
[1110/131000.221:ERROR:crash_report_database_win.cc(498)] failed to stat report
[1110/131000.221:ERROR:crash_report_database_win.cc(498)] failed to stat report
[1110/131000.221:ERROR:crash_report_database_win.cc(498)] failed to stat report
[1110/132500.224:ERROR:crash_report_database_win.cc(498)] failed to stat report
[1110/132500.224:ERROR:crash_report_database_win.cc(498)] failed to stat report
[1110/132500.224:ERROR:crash_report_database_win.cc(498)] failed to stat report
[1110/132500.224:ERROR:crash_report_database_win.cc(498)] failed to stat report
[1110/132500.224:ERROR:crash_report_database_win.cc(498)] failed to stat report
[1110/132500.224:ERROR:crash_report_database_win.cc(498)] failed to stat report
[1110/134000.225:ERROR:crash_report_database_win.cc(498)] failed to stat report
[1110/134000.226:ERROR:crash_report_database_win.cc(498)] failed to stat report
[1110/134000.226:ERROR:crash_report_database_win.cc(498)] failed to stat report
[1110/134000.226:ERROR:crash_report_database_win.cc(498)] failed to stat report
[1110/134000.226:ERROR:crash_report_database_win.cc(498)] failed to stat report
[1110/134000.226:ERROR:crash_report_database_win.cc(498)] failed to stat report
[1110/134717.542:ERROR:crash_report_database_win.cc(498)] failed to stat report
[1110/134717.542:ERROR:crash_report_database_win.cc(498)] failed to stat report
[1110/134717.542:ERROR:crash_report_database_win.cc(498)] failed to stat report
[1110/134717.542:ERROR:crash_report_database_win.cc(498)] failed to stat report
[1110/134717.542:ERROR:crash_report_database_win.cc(498)] failed to stat report
[1110/134717.542:ERROR:crash_report_database_win.cc(498)] failed to stat report
[1110/134717.547:ERROR:crash_report_database_win.cc(498)] failed to stat report
[1110/134717.547:ERROR:crash_report_database_win.cc(498)] failed to stat report
[1110/134717.547:ERROR:crash_report_database_win.cc(498)] failed to stat report
[1110/134717.547:ERROR:crash_report_database_win.cc(498)] failed to stat report
[1110/134717.548:ERROR:crash_report_database_win.cc(498)] failed to stat report
[1110/134717.548:ERROR:crash_report_database_win.cc(498)] failed to stat report
[1110/134717.550:ERROR:crash_report_database_win.cc(498)] failed to stat report
[1110/134717.550:ERROR:crash_report_database_win.cc(498)] failed to stat report
[1110/134717.550:ERROR:crash_report_database_win.cc(498)] failed to stat report
[1110/134717.550:ERROR:crash_report_database_win.cc(498)] failed to stat report
[1110/134717.550:ERROR:crash_report_database_win.cc(498)] failed to stat report
[1110/134717.550:ERROR:crash_report_database_win.cc(498)] failed to stat report
[1110/134717.555:ERROR:crash_report_database_win.cc(498)] failed to stat report
[1110/134717.555:ERROR:crash_report_database_win.cc(498)] failed to stat report
[1110/134717.555:ERROR:crash_report_database_win.cc(498)] failed to stat report
[1110/134717.555:ERROR:crash_report_database_win.cc(498)] failed to stat report
[1110/134717.555:ERROR:crash_report_database_win.cc(498)] failed to stat report
[1110/134717.555:ERROR:crash_report_database_win.cc(498)] failed to stat report
[1110/140217.558:ERROR:crash_report_database_win.cc(498)] failed to stat report
[1110/140217.558:ERROR:crash_report_database_win.cc(498)] failed to stat report
[1110/140217.558:ERROR:crash_report_database_win.cc(498)] failed to stat report
[1110/140217.558:ERROR:crash_report_database_win.cc(498)] failed to stat report
[1110/140217.558:ERROR:crash_report_database_win.cc(498)] failed to stat report
[1110/140217.558:ERROR:crash_report_database_win.cc(498)] failed to stat report
[1110/141717.560:ERROR:crash_report_database_win.cc(498)] failed to stat report
[1110/141717.560:ERROR:crash_report_database_win.cc(498)] failed to stat report
[1110/141717.560:ERROR:crash_report_database_win.cc(498)] failed to stat report
[1110/141717.560:ERROR:crash_report_database_win.cc(498)] failed to stat report
[1110/141717.560:ERROR:crash_report_database_win.cc(498)] failed to stat report
[1110/141717.560:ERROR:crash_report_database_win.cc(498)] failed to stat report
[1110/143217.563:ERROR:crash_report_database_win.cc(498)] failed to stat report
[1110/143217.563:ERROR:crash_report_database_win.cc(498)] failed to stat report
[1110/143217.563:ERROR:crash_report_database_win.cc(498)] failed to stat report
[1110/143217.563:ERROR:crash_report_database_win.cc(498)] failed to stat report
[1110/143217.563:ERROR:crash_report_database_win.cc(498)] failed to stat report
[1110/143217.563:ERROR:crash_report_database_win.cc(498)] failed to stat report
[1110/144717.565:ERROR:crash_report_database_win.cc(498)] failed to stat report
[1110/144717.565:ERROR:crash_report_database_win.cc(498)] failed to stat report
[1110/144717.565:ERROR:crash_report_database_win.cc(498)] failed to stat report
[1110/144717.565:ERROR:crash_report_database_win.cc(498)] failed to stat report
[1110/144717.565:ERROR:crash_report_database_win.cc(498)] failed to stat report
[1110/144717.565:ERROR:crash_report_database_win.cc(498)] failed to stat report
[1110/150217.573:ERROR:crash_report_database_win.cc(498)] failed to stat report
[1110/150217.573:ERROR:crash_report_database_win.cc(498)] failed to stat report
[1110/150217.573:ERROR:crash_report_database_win.cc(498)] failed to stat report
[1110/150217.573:ERROR:crash_report_database_win.cc(498)] failed to stat report
[1110/150217.573:ERROR:crash_report_database_win.cc(498)] failed to stat report
[1110/150217.573:ERROR:crash_report_database_win.cc(498)] failed to stat report
[1110/151717.581:ERROR:crash_report_database_win.cc(498)] failed to stat report
[1110/151717.581:ERROR:crash_report_database_win.cc(498)] failed to stat report
[1110/151717.581:ERROR:crash_report_database_win.cc(498)] failed to stat report
[1110/151717.581:ERROR:crash_report_database_win.cc(498)] failed to stat report
[1110/151717.581:ERROR:crash_report_database_win.cc(498)] failed to stat report
[1110/151717.581:ERROR:crash_report_database_win.cc(498)] failed to stat report
[1110/152000.077:ERROR:crash_report_database_win.cc(498)] failed to stat report
[1110/152000.077:ERROR:crash_report_database_win.cc(498)] failed to stat report
[1110/152000.077:ERROR:crash_report_database_win.cc(498)] failed to stat report
[1110/152000.077:ERROR:crash_report_database_win.cc(498)] failed to stat report
[1110/152000.077:ERROR:crash_report_database_win.cc(498)] failed to stat report
[1110/152000.077:ERROR:crash_report_database_win.cc(498)] failed to stat report
[1110/152000.078:ERROR:filesystem_win.cc(116)] GetFileAttributes C:\Users\BISHRA~2.ADH\AppData\Local\Temp\.profile\Crashpad\reports\a5e3e957-2d98-4cbd-834c-44e2b7015316.dmp: The system cannot find the file specified. (0x2)
[1110/152000.078:ERROR:filesystem_win.cc(116)] GetFileAttributes C:\Users\BISHRA~2.ADH\AppData\Local\Temp\.profile\Crashpad\reports\98972a91-7451-4af5-8690-f92bf44e9901.dmp: The system cannot find the file specified. (0x2)
[1110/152000.078:ERROR:filesystem_win.cc(116)] GetFileAttributes C:\Users\BISHRA~2.ADH\AppData\Local\Temp\.profile\Crashpad\reports\a8e391db-788e-47c7-b9eb-d34e04df4b7d.dmp: The system cannot find the file specified. (0x2)
[1110/152000.078:ERROR:filesystem_win.cc(116)] GetFileAttributes C:\Users\BISHRA~2.ADH\AppData\Local\Temp\.profile\Crashpad\reports\ab1a57d3-15b9-4279-a81b-bbdc779fc893.dmp: The system cannot find the file specified. (0x2)
[1110/152000.078:ERROR:filesystem_win.cc(116)] GetFileAttributes C:\Users\BISHRA~2.ADH\AppData\Local\Temp\.profile\Crashpad\reports\5d0c186f-73eb-48c9-9804-42c0e19361a3.dmp: The system cannot find the file specified. (0x2)
[1110/152000.078:ERROR:filesystem_win.cc(116)] GetFileAttributes C:\Users\BISHRA~2.ADH\AppData\Local\Temp\.profile\Crashpad\reports\7974a70e-7a5e-4fda-8f81-baea619ff566.dmp: The system cannot find the file specified. (0x2)
[1110/152000.078:ERROR:directory_reader_win.cc(43)] FindFirstFile: The system cannot find the path specified. (0x3)
